<?xml version="1.0" encoding="UTF-8"?>
<testsuite name="com.example.demo.MathServiceTest" tests="5" skipped="0" failures="0" errors="0" timestamp="2025-04-12T18:57:20" hostname="macbooks-MacBook-Air.local" time="0.159">
  <properties/>
  <testcase name="testMultiplication()" classname="com.example.demo.MathServiceTest" time="0.154"/>
  <testcase name="testAddition()" classname="com.example.demo.MathServiceTest" time="0.001"/>
  <testcase name="testDivisionByZero()" classname="com.example.demo.MathServiceTest" time="0.001"/>
  <testcase name="testDivision()" classname="com.example.demo.MathServiceTest" time="0.0"/>
  <testcase name="testSubtraction()" classname="com.example.demo.MathServiceTest" time="0.0"/>
  <system-out><![CDATA[20:57:20.231 [Test worker] DEBUG org.springframework.test.context.BootstrapUtils - Instantiating CacheAwareContextLoaderDelegate from class [org.springframework.test.context.cache.DefaultCacheAwareContextLoaderDelegate]
20:57:20.235 [Test worker] DEBUG org.springframework.test.context.BootstrapUtils - Instantiating BootstrapContext using constructor [public org.springframework.test.context.support.DefaultBootstrapContext(java.lang.Class,org.springframework.test.context.CacheAwareContextLoaderDelegate)]
20:57:20.247 [Test worker] DEBUG org.springframework.test.context.BootstrapUtils - Instantiating TestContextBootstrapper for test class [com.example.demo.MathServiceTest] from class [org.springframework.boot.test.context.SpringBootTestContextBootstrapper]
20:57:20.251 [Test worker] INFO org.springframework.boot.test.context.SpringBootTestContextBootstrapper - Neither @ContextConfiguration nor @ContextHierarchy found for test class [com.example.demo.MathServiceTest], using SpringBootContextLoader
20:57:20.252 [Test worker] DEBUG org.springframework.test.context.support.AbstractContextLoader - Did not detect default resource location for test class [com.example.demo.MathServiceTest]: class path resource [com/example/demo/MathServiceTest-context.xml] does not exist
20:57:20.253 [Test worker] DEBUG org.springframework.test.context.support.AbstractContextLoader - Did not detect default resource location for test class [com.example.demo.MathServiceTest]: class path resource [com/example/demo/MathServiceTestContext.groovy] does not exist
20:57:20.253 [Test worker] INFO org.springframework.test.context.support.AbstractContextLoader - Could not detect default resource locations for test class [com.example.demo.MathServiceTest]: no resource found for suffixes {-context.xml, Context.groovy}.
20:57:20.253 [Test worker] INFO org.springframework.test.context.support.AnnotationConfigContextLoaderUtils - Could not detect default configuration classes for test class [com.example.demo.MathServiceTest]: MathServiceTest does not declare any static, non-private, non-final, nested classes annotated with @Configuration.
20:57:20.270 [Test worker] DEBUG org.springframework.test.context.support.ActiveProfilesUtils - Could not find an 'annotation declaring class' for annotation type [org.springframework.test.context.ActiveProfiles] and class [com.example.demo.MathServiceTest]
20:57:20.290 [Test worker] DEBUG org.springframework.context.annotation.ClassPathScanningCandidateComponentProvider - Identified candidate component class: file [/Users/macbook/Desktop/CloudDevOpsProject/Docker/web-app/build/classes/java/main/com/example/demo/DemoApplication.class]
20:57:20.291 [Test worker] INFO org.springframework.boot.test.context.SpringBootTestContextBootstrapper - Found @SpringBootConfiguration com.example.demo.DemoApplication for test class com.example.demo.MathServiceTest
20:57:20.323 [Test worker] DEBUG org.springframework.boot.test.context.SpringBootTestContextBootstrapper - @TestExecutionListeners is not present for class [com.example.demo.MathServiceTest]: using defaults.
20:57:20.323 [Test worker] INFO org.springframework.boot.test.context.SpringBootTestContextBootstrapper - Loaded default TestExecutionListener class names from location [META-INF/spring.factories]: [org.springframework.boot.test.autoconfigure.restdocs.RestDocsTestExecutionListener, org.springframework.boot.test.autoconfigure.web.client.MockRestServiceServerResetTestExecutionListener, org.springframework.boot.test.autoconfigure.web.servlet.MockMvcPrintOnlyOnFailureTestExecutionListener, org.springframework.boot.test.autoconfigure.web.servlet.WebDriverTestExecutionListener, org.springframework.boot.test.autoconfigure.webservices.client.MockWebServiceServerTestExecutionListener, org.springframework.boot.test.mock.mockito.MockitoTestExecutionListener, org.springframework.boot.test.mock.mockito.ResetMocksTestExecutionListener, org.springframework.test.context.web.ServletTestExecutionListener, org.springframework.test.context.support.DirtiesContextBeforeModesTestExecutionListener, org.springframework.test.context.event.ApplicationEventsTestExecutionListener, org.springframework.test.context.support.DependencyInjectionTestExecutionListener, org.springframework.test.context.support.DirtiesContextTestExecutionListener, org.springframework.test.context.transaction.TransactionalTestExecutionListener, org.springframework.test.context.jdbc.SqlScriptsTestExecutionListener, org.springframework.test.context.event.EventPublishingTestExecutionListener]
20:57:20.327 [Test worker] DEBUG org.springframework.boot.test.context.SpringBootTestContextBootstrapper - Skipping candidate TestExecutionListener [org.springframework.test.context.transaction.TransactionalTestExecutionListener] due to a missing dependency. Specify custom listener classes or make the default listener classes and their required dependencies available. Offending class: [org/springframework/transaction/TransactionDefinition]
20:57:20.327 [Test worker] DEBUG org.springframework.boot.test.context.SpringBootTestContextBootstrapper - Skipping candidate TestExecutionListener [org.springframework.test.context.jdbc.SqlScriptsTestExecutionListener] due to a missing dependency. Specify custom listener classes or make the default listener classes and their required dependencies available. Offending class: [org/springframework/transaction/interceptor/TransactionAttribute]
20:57:20.328 [Test worker] INFO org.springframework.boot.test.context.SpringBootTestContextBootstrapper - Using TestExecutionListeners: [org.springframework.test.context.web.ServletTestExecutionListener@2cae1042, org.springframework.test.context.support.DirtiesContextBeforeModesTestExecutionListener@163d04ff, org.springframework.test.context.event.ApplicationEventsTestExecutionListener@7c209437, org.springframework.boot.test.mock.mockito.MockitoTestExecutionListener@2262b621, org.springframework.boot.test.autoconfigure.SpringBootDependencyInjectionTestExecutionListener@7e928e2f, org.springframework.test.context.support.DirtiesContextTestExecutionListener@f667fe, org.springframework.test.context.event.EventPublishingTestExecutionListener@788fcafb, org.springframework.boot.test.autoconfigure.restdocs.RestDocsTestExecutionListener@4febb875, org.springframework.boot.test.autoconfigure.web.client.MockRestServiceServerResetTestExecutionListener@25e2a451, org.springframework.boot.test.autoconfigure.web.servlet.MockMvcPrintOnlyOnFailureTestExecutionListener@1698ee84, org.springframework.boot.test.autoconfigure.web.servlet.WebDriverTestExecutionListener@10c626be, org.springframework.boot.test.autoconfigure.webservices.client.MockWebServiceServerTestExecutionListener@2fc0cc3, org.springframework.boot.test.mock.mockito.ResetMocksTestExecutionListener@328cf0e1]
20:57:20.329 [Test worker] DEBUG org.springframework.test.context.support.AbstractDirtiesContextTestExecutionListener - Before test class: context [DefaultTestContext@5af3a0f testClass = MathServiceTest, testInstance = [null], testMethod = [null], testException = [null], mergedContextConfiguration = [WebMergedContextConfiguration@19ae6bb testClass = MathServiceTest, locations = '{}', classes = '{class com.example.demo.DemoApplication}', contextInitializerClasses = '[]', activeProfiles = '{}', propertySourceLocations = '{}', propertySourceProperties = '{org.springframework.boot.test.context.SpringBootTestContextBootstrapper=true}', contextCustomizers = set[org.springframework.boot.test.autoconfigure.actuate.metrics.MetricsExportContextCustomizerFactory$DisableMetricExportContextCustomizer@3148f668, org.springframework.boot.test.autoconfigure.properties.PropertyMappingContextCustomizer@0, org.springframework.boot.test.autoconfigure.web.servlet.WebDriverContextCustomizerFactory$Customizer@6f7923a5, org.springframework.boot.test.context.filter.ExcludeFilterContextCustomizer@20ca951f, org.springframework.boot.test.json.DuplicateJsonObjectContextCustomizerFactory$DuplicateJsonObjectContextCustomizer@1838ccb8, org.springframework.boot.test.mock.mockito.MockitoContextCustomizer@0, org.springframework.boot.test.web.client.TestRestTemplateContextCustomizer@36a5cabc, org.springframework.boot.test.context.SpringBootTestArgs@1, org.springframework.boot.test.context.SpringBootTestWebEnvironment@20d525], resourceBasePath = 'src/main/webapp', contextLoader = 'org.springframework.boot.test.context.SpringBootContextLoader', parent = [null]], attributes = map['org.springframework.test.context.web.ServletTestExecutionListener.activateListener' -> true]], class annotated with @DirtiesContext [false] with mode [null].

  .   ____          _            __ _ _
 /\\ / ___'_ __ _ _(_)_ __  __ _ \ \ \ \
( ( )\___ | '_ | '_| | '_ \/ _` | \ \ \ \
 \\/  ___)| |_)| | | | | || (_| |  ) ) ) )
  '  |____| .__|_| |_|_| |_\__, | / / / /
 =========|_|==============|___/=/_/_/_/
 :: Spring Boot ::                (v2.6.3)

2025-04-12 20:57:20.451  INFO 40051 --- [    Test worker] com.example.demo.MathServiceTest         : Starting MathServiceTest using Java 17.0.14 on macbooks-MacBook-Air.local with PID 40051 (started by macbook in /Users/macbook/Desktop/CloudDevOpsProject/Docker/web-app)
2025-04-12 20:57:20.452  INFO 40051 --- [    Test worker] com.example.demo.MathServiceTest         : No active profile set, falling back to default profiles: default
2025-04-12 20:57:20.895  INFO 40051 --- [    Test worker] o.s.b.a.w.s.WelcomePageHandlerMapping    : Adding welcome page template: index
2025-04-12 20:57:20.973  INFO 40051 --- [    Test worker] com.example.demo.MathServiceTest         : Started MathServiceTest in 0.631 seconds (JVM running for 1.062)
]]></system-out>
  <system-err><![CDATA[]]></system-err>
</testsuite>
